<?xml version="1.0" encoding="UTF-8"?>
<!-- Generated by org.testng.reporters.JUnitReportReporter -->
<testsuite hostname="INBOOK_X3_Slim" failures="0" tests="2" name="TestNG_Suite.AnnotationsTest" time="0.010" errors="0" timestamp="2024-04-01T11:10:10 IST" skipped="0">
  <testcase classname="TestNG_Suite.AnnotationsTest" name="test1" time="0.007"/>
  <system-out/>
  <testcase classname="TestNG_Suite.AnnotationsTest" name="test2" time="0.003"/>
  <system-out/>
</testsuite> <!-- TestNG_Suite.AnnotationsTest -->
