<?xml version="1.0" encoding="UTF-8"?>
<!-- Generated by org.testng.reporters.JUnitReportReporter -->
<testsuite hostname="INBOOK_X3_Slim" failures="0" tests="3" name="TestNG_Suite.FirstTest" time="0.014" errors="0" timestamp="2024-03-29T12:15:22 IST" skipped="0">
  <testcase classname="TestNG_Suite.FirstTest" name="test1" time="0.009"/>
  <system-out/>
  <testcase classname="TestNG_Suite.FirstTest" name="test3" time="0.001"/>
  <system-out/>
  <testcase classname="TestNG_Suite.FirstTest" name="test2" time="0.004"/>
  <system-out/>
</testsuite> <!-- TestNG_Suite.FirstTest -->
