<?xml version="1.0" encoding="UTF-8"?>
<!-- Generated by org.testng.reporters.JUnitReportReporter -->
<testsuite hostname="INBOOK_X3_Slim" failures="0" tests="2" name="Page_Object_Model.Login_POM_Page_Factory_TestActions" time="2.433" errors="0" timestamp="2024-04-04T12:17:01 IST" skipped="0">
  <testcase classname="Page_Object_Model.Login_POM_Page_Factory_TestActions" name="Logo_Check" time="0.101"/>
  <system-out/>
  <testcase classname="Page_Object_Model.Login_POM_Page_Factory_TestActions" name="TestLogin" time="2.332"/>
  <system-out/>
</testsuite> <!-- Page_Object_Model.Login_POM_Page_Factory_TestActions -->
