<?xml version="1.0" encoding="UTF-8"?>
<!-- Generated by org.testng.reporters.JUnitReportReporter -->
<testsuite hostname="INBOOK_X3_Slim" failures="0" tests="3" name="TestNG_Suite.Annotations3" time="0.011" errors="0" timestamp="2024-04-01T10:57:33 IST" skipped="0">
  <testcase classname="TestNG_Suite.Annotations3" name="Login" time="0.006"/>
  <system-out/>
  <testcase classname="TestNG_Suite.Annotations3" name="Search" time="0.003"/>
  <system-out/>
  <testcase classname="TestNG_Suite.Annotations3" name="AdvanceSearch" time="0.002"/>
  <system-out/>
</testsuite> <!-- TestNG_Suite.Annotations3 -->
