<?xml version="1.0" encoding="UTF-8"?>
<!-- Generated by org.testng.reporters.JUnitReportReporter -->
<testsuite hostname="INBOOK_X3_Slim" failures="0" tests="3" name="TestNG_Suite.ThirdTest" time="8.444" errors="0" timestamp="2024-04-10T10:40:02 IST" skipped="0">
  <testcase classname="TestNG_Suite.ThirdTest" name="OpenApp" time="6.642"/>
  <system-out/>
  <testcase classname="TestNG_Suite.ThirdTest" name="Login" time="1.420"/>
  <system-out/>
  <testcase classname="TestNG_Suite.ThirdTest" name="CloseApp" time="0.382"/>
  <system-out/>
</testsuite> <!-- TestNG_Suite.ThirdTest -->
