<?xml version="1.0" encoding="UTF-8"?>
<!-- Generated by org.testng.reporters.JUnitReportReporter -->
<testsuite hostname="INBOOK_X3_Slim" failures="0" tests="5" name="TestNG_Suite.InnvocationCount_Demo" time="0.024" errors="0" timestamp="2024-04-03T10:53:31 IST" skipped="0">
  <testcase classname="TestNG_Suite.InnvocationCount_Demo" name="test" time="0.002"/>
  <system-out/>
  <testcase classname="TestNG_Suite.InnvocationCount_Demo" name="test" time="0.006"/>
  <system-out/>
  <testcase classname="TestNG_Suite.InnvocationCount_Demo" name="test" time="0.013"/>
  <system-out/>
  <testcase classname="TestNG_Suite.InnvocationCount_Demo" name="test" time="0.002"/>
  <system-out/>
  <testcase classname="TestNG_Suite.InnvocationCount_Demo" name="test" time="0.001"/>
  <system-out/>
</testsuite> <!-- TestNG_Suite.InnvocationCount_Demo -->
