<?xml version="1.0" encoding="UTF-8"?>
<!-- Generated by org.testng.reporters.JUnitReportReporter -->
<testsuite hostname="INBOOK_X3_Slim" failures="0" tests="3" name="TestNG_Suite.ThirdTest" time="11.932" errors="0" timestamp="2024-03-29T12:15:22 IST" skipped="0">
  <testcase classname="TestNG_Suite.ThirdTest" name="OpenApp" time="9.487"/>
  <system-out/>
  <testcase classname="TestNG_Suite.ThirdTest" name="Login" time="2.288"/>
  <system-out/>
  <testcase classname="TestNG_Suite.ThirdTest" name="CloseApp" time="0.157"/>
  <system-out/>
</testsuite> <!-- TestNG_Suite.ThirdTest -->
