<?xml version="1.0" encoding="UTF-8"?>
<!-- Generated by org.testng.reporters.JUnitReportReporter -->
<testsuite hostname="INBOOK_X3_Slim" failures="0" tests="3" name="TestNG_Suite.SecondTest" time="0.013" errors="0" timestamp="2024-04-08T12:25:18 IST" skipped="0">
  <testcase classname="TestNG_Suite.SecondTest" name="Login" time="0.010"/>
  <system-out/>
  <testcase classname="TestNG_Suite.SecondTest" name="Search" time="0.002"/>
  <system-out/>
  <testcase classname="TestNG_Suite.SecondTest" name="Logout" time="0.001"/>
  <system-out/>
</testsuite> <!-- TestNG_Suite.SecondTest -->
