<?xml version="1.0" encoding="UTF-8"?>
<!-- Generated by org.testng.reporters.JUnitReportReporter -->
<testsuite hostname="INBOOK_X3_Slim" failures="0" tests="6" name="TestNG_Suite.Grouping_Demo" time="0.010" errors="0" timestamp="2024-04-03T10:17:51 IST" skipped="0">
  <testcase classname="TestNG_Suite.Grouping_Demo" name="LoginByEmail" time="0.008"/>
  <system-out/>
  <testcase classname="TestNG_Suite.Grouping_Demo" name="LoginByFacebook" time="0.001"/>
  <system-out/>
  <testcase classname="TestNG_Suite.Grouping_Demo" name="LoginByTwitter" time="0.000"/>
  <system-out/>
  <testcase classname="TestNG_Suite.Grouping_Demo" name="SignUpByEmail" time="0.000"/>
  <system-out/>
  <testcase classname="TestNG_Suite.Grouping_Demo" name="PaymentInRupees" time="0.000"/>
  <system-out/>
  <testcase classname="TestNG_Suite.Grouping_Demo" name="PaymentInDollars" time="0.001"/>
  <system-out/>
</testsuite> <!-- TestNG_Suite.Grouping_Demo -->
