<?xml version="1.0" encoding="UTF-8"?>
<!-- Generated by org.testng.reporters.JUnitReportReporter -->
<testsuite hostname="INBOOK_X3_Slim" failures="0" tests="2" name="Page_Object_Model.Login_POM_TestActions" time="1.827" errors="0" timestamp="2024-04-04T11:59:02 IST" skipped="0">
  <testcase classname="Page_Object_Model.Login_POM_TestActions" name="Logo_Check" time="0.159"/>
  <system-out/>
  <testcase classname="Page_Object_Model.Login_POM_TestActions" name="TestLogin" time="1.668"/>
  <system-out/>
</testsuite> <!-- Page_Object_Model.Login_POM_TestActions -->
