<?xml version="1.0" encoding="UTF-8"?>
<!-- Generated by org.testng.reporters.JUnitReportReporter -->
<testsuite hostname="INBOOK_X3_Slim" failures="0" tests="3" name="TestNG_Suite.ThirdTest" time="9.247" errors="0" timestamp="2024-04-09T10:40:55 IST" skipped="0">
  <testcase classname="TestNG_Suite.ThirdTest" name="OpenApp" time="7.219"/>
  <system-out/>
  <testcase classname="TestNG_Suite.ThirdTest" name="Login" time="1.913"/>
  <system-out/>
  <testcase classname="TestNG_Suite.ThirdTest" name="CloseApp" time="0.115"/>
  <system-out/>
</testsuite> <!-- TestNG_Suite.ThirdTest -->
