<?xml version="1.0" encoding="UTF-8"?>
<!-- Generated by org.testng.reporters.JUnitReportReporter -->
<testsuite hostname="INBOOK_X3_Slim" failures="0" tests="3" name="TestNG_Suite.ThirdTest" time="11.475" errors="0" timestamp="2024-04-10T10:52:08 IST" skipped="0">
  <testcase classname="TestNG_Suite.ThirdTest" name="OpenApp" time="8.006"/>
  <testcase classname="TestNG_Suite.ThirdTest" name="Login" time="3.305"/>
  <testcase classname="TestNG_Suite.ThirdTest" name="CloseApp" time="0.164"/>
</testsuite> <!-- TestNG_Suite.ThirdTest -->
